CRITICAL - 2021-03-30 12:26:06 --> Invalid file: killjoy/vw_form.php
#0 F:\Development\tugas1pi\vendor\codeigniter4\framework\system\View\View.php(203): CodeIgniter\Exceptions\FrameworkException::forInvalidFile('killjoy/vw_form...')
#1 F:\Development\tugas1pi\vendor\codeigniter4\framework\system\Common.php(1217): CodeIgniter\View\View->render('killjoy/vw_form', Array, true)
#2 F:\Development\tugas1pi\app\Controllers\Home.php(17): view('killjoy/vw_form', Array)
#3 F:\Development\tugas1pi\vendor\codeigniter4\framework\system\CodeIgniter.php(936): App\Controllers\Home->create()
#4 F:\Development\tugas1pi\vendor\codeigniter4\framework\system\CodeIgniter.php(432): CodeIgniter\CodeIgniter->runController(Object(App\Controllers\Home))
#5 F:\Development\tugas1pi\vendor\codeigniter4\framework\system\CodeIgniter.php(333): CodeIgniter\CodeIgniter->handleRequest(NULL, Object(Config\Cache), false)
#6 F:\Development\tugas1pi\public\index.php(44): CodeIgniter\CodeIgniter->run()
#7 F:\Development\tugas1pi\vendor\codeigniter4\framework\system\Commands\Server\rewrite.php(45): require_once('F:\\Development\\...')
#8 {main}
CRITICAL - 2021-03-30 13:14:08 --> syntax error, unexpected '}'
#0 F:\Development\tugas1pi\vendor\codeigniter4\framework\system\Router\Router.php(170): CodeIgniter\Router\Router->autoRoute('home')
#1 F:\Development\tugas1pi\vendor\codeigniter4\framework\system\CodeIgniter.php(816): CodeIgniter\Router\Router->handle('home')
#2 F:\Development\tugas1pi\vendor\codeigniter4\framework\system\CodeIgniter.php(385): CodeIgniter\CodeIgniter->tryToRouteIt(Object(CodeIgniter\Router\RouteCollection))
#3 F:\Development\tugas1pi\vendor\codeigniter4\framework\system\CodeIgniter.php(333): CodeIgniter\CodeIgniter->handleRequest(NULL, Object(Config\Cache), false)
#4 F:\Development\tugas1pi\public\index.php(44): CodeIgniter\CodeIgniter->run()
#5 F:\Development\tugas1pi\vendor\codeigniter4\framework\system\Commands\Server\rewrite.php(45): require_once('F:\\Development\\...')
#6 {main}
CRITICAL - 2021-03-30 13:14:16 --> Cannot declare class App\Models\UserModel, because the name is already in use
#0 [internal function]: CodeIgniter\Debug\Exceptions->shutdownHandler()
#1 {main}
CRITICAL - 2021-03-30 13:14:31 --> Undefined property: App\Controllers\Home::$homemodel
#0 F:\Development\tugas1pi\app\Controllers\Home.php(17): CodeIgniter\Debug\Exceptions->errorHandler(8, 'Undefined prope...', 'F:\\Development\\...', 17, Array)
#1 F:\Development\tugas1pi\vendor\codeigniter4\framework\system\CodeIgniter.php(936): App\Controllers\Home->index()
#2 F:\Development\tugas1pi\vendor\codeigniter4\framework\system\CodeIgniter.php(432): CodeIgniter\CodeIgniter->runController(Object(App\Controllers\Home))
#3 F:\Development\tugas1pi\vendor\codeigniter4\framework\system\CodeIgniter.php(333): CodeIgniter\CodeIgniter->handleRequest(NULL, Object(Config\Cache), false)
#4 F:\Development\tugas1pi\public\index.php(44): CodeIgniter\CodeIgniter->run()
#5 F:\Development\tugas1pi\vendor\codeigniter4\framework\system\Commands\Server\rewrite.php(45): require_once('F:\\Development\\...')
#6 {main}
CRITICAL - 2021-03-30 13:14:32 --> Undefined property: App\Controllers\Home::$homemodel
#0 F:\Development\tugas1pi\app\Controllers\Home.php(17): CodeIgniter\Debug\Exceptions->errorHandler(8, 'Undefined prope...', 'F:\\Development\\...', 17, Array)
#1 F:\Development\tugas1pi\vendor\codeigniter4\framework\system\CodeIgniter.php(936): App\Controllers\Home->index()
#2 F:\Development\tugas1pi\vendor\codeigniter4\framework\system\CodeIgniter.php(432): CodeIgniter\CodeIgniter->runController(Object(App\Controllers\Home))
#3 F:\Development\tugas1pi\vendor\codeigniter4\framework\system\CodeIgniter.php(333): CodeIgniter\CodeIgniter->handleRequest(NULL, Object(Config\Cache), false)
#4 F:\Development\tugas1pi\public\index.php(44): CodeIgniter\CodeIgniter->run()
#5 F:\Development\tugas1pi\vendor\codeigniter4\framework\system\Commands\Server\rewrite.php(45): require_once('F:\\Development\\...')
#6 {main}
CRITICAL - 2021-03-30 13:14:32 --> Undefined property: App\Controllers\Home::$homemodel
#0 F:\Development\tugas1pi\app\Controllers\Home.php(17): CodeIgniter\Debug\Exceptions->errorHandler(8, 'Undefined prope...', 'F:\\Development\\...', 17, Array)
#1 F:\Development\tugas1pi\vendor\codeigniter4\framework\system\CodeIgniter.php(936): App\Controllers\Home->index()
#2 F:\Development\tugas1pi\vendor\codeigniter4\framework\system\CodeIgniter.php(432): CodeIgniter\CodeIgniter->runController(Object(App\Controllers\Home))
#3 F:\Development\tugas1pi\vendor\codeigniter4\framework\system\CodeIgniter.php(333): CodeIgniter\CodeIgniter->handleRequest(NULL, Object(Config\Cache), false)
#4 F:\Development\tugas1pi\public\index.php(44): CodeIgniter\CodeIgniter->run()
#5 F:\Development\tugas1pi\vendor\codeigniter4\framework\system\Commands\Server\rewrite.php(45): require_once('F:\\Development\\...')
#6 {main}
CRITICAL - 2021-03-30 13:14:32 --> Undefined property: App\Controllers\Home::$homemodel
#0 F:\Development\tugas1pi\app\Controllers\Home.php(17): CodeIgniter\Debug\Exceptions->errorHandler(8, 'Undefined prope...', 'F:\\Development\\...', 17, Array)
#1 F:\Development\tugas1pi\vendor\codeigniter4\framework\system\CodeIgniter.php(936): App\Controllers\Home->index()
#2 F:\Development\tugas1pi\vendor\codeigniter4\framework\system\CodeIgniter.php(432): CodeIgniter\CodeIgniter->runController(Object(App\Controllers\Home))
#3 F:\Development\tugas1pi\vendor\codeigniter4\framework\system\CodeIgniter.php(333): CodeIgniter\CodeIgniter->handleRequest(NULL, Object(Config\Cache), false)
#4 F:\Development\tugas1pi\public\index.php(44): CodeIgniter\CodeIgniter->run()
#5 F:\Development\tugas1pi\vendor\codeigniter4\framework\system\Commands\Server\rewrite.php(45): require_once('F:\\Development\\...')
#6 {main}
CRITICAL - 2021-03-30 13:14:33 --> Undefined property: App\Controllers\Home::$homemodel
#0 F:\Development\tugas1pi\app\Controllers\Home.php(17): CodeIgniter\Debug\Exceptions->errorHandler(8, 'Undefined prope...', 'F:\\Development\\...', 17, Array)
#1 F:\Development\tugas1pi\vendor\codeigniter4\framework\system\CodeIgniter.php(936): App\Controllers\Home->index()
#2 F:\Development\tugas1pi\vendor\codeigniter4\framework\system\CodeIgniter.php(432): CodeIgniter\CodeIgniter->runController(Object(App\Controllers\Home))
#3 F:\Development\tugas1pi\vendor\codeigniter4\framework\system\CodeIgniter.php(333): CodeIgniter\CodeIgniter->handleRequest(NULL, Object(Config\Cache), false)
#4 F:\Development\tugas1pi\public\index.php(44): CodeIgniter\CodeIgniter->run()
#5 F:\Development\tugas1pi\vendor\codeigniter4\framework\system\Commands\Server\rewrite.php(45): require_once('F:\\Development\\...')
#6 {main}
CRITICAL - 2021-03-30 13:20:27 --> syntax error, unexpected ';', expecting ']'
#0 F:\Development\tugas1pi\vendor\codeigniter4\framework\system\Router\Router.php(170): CodeIgniter\Router\Router->autoRoute('home/create')
#1 F:\Development\tugas1pi\vendor\codeigniter4\framework\system\CodeIgniter.php(816): CodeIgniter\Router\Router->handle('home/create')
#2 F:\Development\tugas1pi\vendor\codeigniter4\framework\system\CodeIgniter.php(385): CodeIgniter\CodeIgniter->tryToRouteIt(Object(CodeIgniter\Router\RouteCollection))
#3 F:\Development\tugas1pi\vendor\codeigniter4\framework\system\CodeIgniter.php(333): CodeIgniter\CodeIgniter->handleRequest(NULL, Object(Config\Cache), false)
#4 F:\Development\tugas1pi\public\index.php(44): CodeIgniter\CodeIgniter->run()
#5 F:\Development\tugas1pi\vendor\codeigniter4\framework\system\Commands\Server\rewrite.php(45): require_once('F:\\Development\\...')
#6 {main}
CRITICAL - 2021-03-30 13:23:11 --> Allowed fields must be specified for model: App\Models\HomeModel
#0 F:\Development\tugas1pi\vendor\codeigniter4\framework\system\BaseModel.php(1202): CodeIgniter\Database\Exceptions\DataException::forInvalidAllowedFields('App\\Models\\Home...')
#1 F:\Development\tugas1pi\vendor\codeigniter4\framework\system\BaseModel.php(729): CodeIgniter\BaseModel->doProtectFields(Array)
#2 F:\Development\tugas1pi\vendor\codeigniter4\framework\system\Model.php(705): CodeIgniter\BaseModel->insert(Array, false)
#3 F:\Development\tugas1pi\vendor\codeigniter4\framework\system\BaseModel.php(667): CodeIgniter\Model->insert(Array, false)
#4 F:\Development\tugas1pi\app\Controllers\Home.php(41): CodeIgniter\BaseModel->save(Array)
#5 F:\Development\tugas1pi\vendor\codeigniter4\framework\system\CodeIgniter.php(936): App\Controllers\Home->save()
#6 F:\Development\tugas1pi\vendor\codeigniter4\framework\system\CodeIgniter.php(432): CodeIgniter\CodeIgniter->runController(Object(App\Controllers\Home))
#7 F:\Development\tugas1pi\vendor\codeigniter4\framework\system\CodeIgniter.php(333): CodeIgniter\CodeIgniter->handleRequest(NULL, Object(Config\Cache), false)
#8 F:\Development\tugas1pi\public\index.php(44): CodeIgniter\CodeIgniter->run()
#9 F:\Development\tugas1pi\vendor\codeigniter4\framework\system\Commands\Server\rewrite.php(45): require_once('F:\\Development\\...')
#10 {main}
CRITICAL - 2021-03-30 13:27:43 --> Allowed fields must be specified for model: App\Models\HomeModel
#0 F:\Development\tugas1pi\vendor\codeigniter4\framework\system\BaseModel.php(1202): CodeIgniter\Database\Exceptions\DataException::forInvalidAllowedFields('App\\Models\\Home...')
#1 F:\Development\tugas1pi\vendor\codeigniter4\framework\system\BaseModel.php(729): CodeIgniter\BaseModel->doProtectFields(Array)
#2 F:\Development\tugas1pi\vendor\codeigniter4\framework\system\Model.php(705): CodeIgniter\BaseModel->insert(Array, false)
#3 F:\Development\tugas1pi\vendor\codeigniter4\framework\system\BaseModel.php(667): CodeIgniter\Model->insert(Array, false)
#4 F:\Development\tugas1pi\app\Controllers\Home.php(41): CodeIgniter\BaseModel->save(Array)
#5 F:\Development\tugas1pi\vendor\codeigniter4\framework\system\CodeIgniter.php(936): App\Controllers\Home->save()
#6 F:\Development\tugas1pi\vendor\codeigniter4\framework\system\CodeIgniter.php(432): CodeIgniter\CodeIgniter->runController(Object(App\Controllers\Home))
#7 F:\Development\tugas1pi\vendor\codeigniter4\framework\system\CodeIgniter.php(333): CodeIgniter\CodeIgniter->handleRequest(NULL, Object(Config\Cache), false)
#8 F:\Development\tugas1pi\public\index.php(44): CodeIgniter\CodeIgniter->run()
#9 F:\Development\tugas1pi\vendor\codeigniter4\framework\system\Commands\Server\rewrite.php(45): require_once('F:\\Development\\...')
#10 {main}
CRITICAL - 2021-03-30 13:27:47 --> Allowed fields must be specified for model: App\Models\HomeModel
#0 F:\Development\tugas1pi\vendor\codeigniter4\framework\system\BaseModel.php(1202): CodeIgniter\Database\Exceptions\DataException::forInvalidAllowedFields('App\\Models\\Home...')
#1 F:\Development\tugas1pi\vendor\codeigniter4\framework\system\BaseModel.php(729): CodeIgniter\BaseModel->doProtectFields(Array)
#2 F:\Development\tugas1pi\vendor\codeigniter4\framework\system\Model.php(705): CodeIgniter\BaseModel->insert(Array, false)
#3 F:\Development\tugas1pi\vendor\codeigniter4\framework\system\BaseModel.php(667): CodeIgniter\Model->insert(Array, false)
#4 F:\Development\tugas1pi\app\Controllers\Home.php(41): CodeIgniter\BaseModel->save(Array)
#5 F:\Development\tugas1pi\vendor\codeigniter4\framework\system\CodeIgniter.php(936): App\Controllers\Home->save()
#6 F:\Development\tugas1pi\vendor\codeigniter4\framework\system\CodeIgniter.php(432): CodeIgniter\CodeIgniter->runController(Object(App\Controllers\Home))
#7 F:\Development\tugas1pi\vendor\codeigniter4\framework\system\CodeIgniter.php(333): CodeIgniter\CodeIgniter->handleRequest(NULL, Object(Config\Cache), false)
#8 F:\Development\tugas1pi\public\index.php(44): CodeIgniter\CodeIgniter->run()
#9 F:\Development\tugas1pi\vendor\codeigniter4\framework\system\Commands\Server\rewrite.php(45): require_once('F:\\Development\\...')
#10 {main}
ERROR - 2021-03-30 13:46:09 --> mysqli_sql_exception: Column 'jeniskelamin' cannot be null in F:\Development\tugas1pi\vendor\codeigniter4\framework\system\Database\MySQLi\Connection.php:314
Stack trace:
#0 F:\Development\tugas1pi\vendor\codeigniter4\framework\system\Database\MySQLi\Connection.php(314): mysqli->query('INSERT INTO `pe...')
#1 F:\Development\tugas1pi\vendor\codeigniter4\framework\system\Database\BaseConnection.php(713): CodeIgniter\Database\MySQLi\Connection->execute('INSERT INTO `pe...')
#2 F:\Development\tugas1pi\vendor\codeigniter4\framework\system\Database\BaseConnection.php(641): CodeIgniter\Database\BaseConnection->simpleQuery('INSERT INTO `pe...')
#3 F:\Development\tugas1pi\vendor\codeigniter4\framework\system\Database\BaseBuilder.php(2263): CodeIgniter\Database\BaseConnection->query('INSERT INTO `pe...', Array, false)
#4 F:\Development\tugas1pi\vendor\codeigniter4\framework\system\Model.php(278): CodeIgniter\Database\BaseBuilder->insert()
#5 F:\Development\tugas1pi\vendor\codeigniter4\framework\system\BaseModel.php(758): CodeIgniter\Model->doInsert(Array)
#6 F:\Development\tugas1pi\vendor\codeigniter4\framework\system\Model.php(705): CodeIgniter\BaseModel->insert(Array, false)
#7 F:\Development\tugas1pi\vendor\codeigniter4\framework\system\BaseModel.php(667): CodeIgniter\Model->insert(Array, false)
#8 F:\Development\tugas1pi\app\Controllers\Home.php(41): CodeIgniter\BaseModel->save(Array)
#9 F:\Development\tugas1pi\vendor\codeigniter4\framework\system\CodeIgniter.php(936): App\Controllers\Home->save()
#10 F:\Development\tugas1pi\vendor\codeigniter4\framework\system\CodeIgniter.php(432): CodeIgniter\CodeIgniter->runController(Object(App\Controllers\Home))
#11 F:\Development\tugas1pi\vendor\codeigniter4\framework\system\CodeIgniter.php(333): CodeIgniter\CodeIgniter->handleRequest(NULL, Object(Config\Cache), false)
#12 F:\Development\tugas1pi\public\index.php(44): CodeIgniter\CodeIgniter->run()
#13 F:\Development\tugas1pi\vendor\codeigniter4\framework\system\Commands\Server\rewrite.php(45): require_once('F:\\Development\\...')
#14 {main}
CRITICAL - 2021-03-30 13:46:09 --> Column 'jeniskelamin' cannot be null
#0 F:\Development\tugas1pi\vendor\codeigniter4\framework\system\Database\MySQLi\Connection.php(314): mysqli->query('INSERT INTO `pe...')
#1 F:\Development\tugas1pi\vendor\codeigniter4\framework\system\Database\BaseConnection.php(713): CodeIgniter\Database\MySQLi\Connection->execute('INSERT INTO `pe...')
#2 F:\Development\tugas1pi\vendor\codeigniter4\framework\system\Database\BaseConnection.php(641): CodeIgniter\Database\BaseConnection->simpleQuery('INSERT INTO `pe...')
#3 F:\Development\tugas1pi\vendor\codeigniter4\framework\system\Database\BaseBuilder.php(2263): CodeIgniter\Database\BaseConnection->query('INSERT INTO `pe...', Array, false)
#4 F:\Development\tugas1pi\vendor\codeigniter4\framework\system\Model.php(278): CodeIgniter\Database\BaseBuilder->insert()
#5 F:\Development\tugas1pi\vendor\codeigniter4\framework\system\BaseModel.php(758): CodeIgniter\Model->doInsert(Array)
#6 F:\Development\tugas1pi\vendor\codeigniter4\framework\system\Model.php(705): CodeIgniter\BaseModel->insert(Array, false)
#7 F:\Development\tugas1pi\vendor\codeigniter4\framework\system\BaseModel.php(667): CodeIgniter\Model->insert(Array, false)
#8 F:\Development\tugas1pi\app\Controllers\Home.php(41): CodeIgniter\BaseModel->save(Array)
#9 F:\Development\tugas1pi\vendor\codeigniter4\framework\system\CodeIgniter.php(936): App\Controllers\Home->save()
#10 F:\Development\tugas1pi\vendor\codeigniter4\framework\system\CodeIgniter.php(432): CodeIgniter\CodeIgniter->runController(Object(App\Controllers\Home))
#11 F:\Development\tugas1pi\vendor\codeigniter4\framework\system\CodeIgniter.php(333): CodeIgniter\CodeIgniter->handleRequest(NULL, Object(Config\Cache), false)
#12 F:\Development\tugas1pi\public\index.php(44): CodeIgniter\CodeIgniter->run()
#13 F:\Development\tugas1pi\vendor\codeigniter4\framework\system\Commands\Server\rewrite.php(45): require_once('F:\\Development\\...')
#14 {main}
CRITICAL - 2021-03-30 22:06:42 --> syntax error, unexpected end of file
#0 F:\Development\tugas1pi\vendor\codeigniter4\framework\system\View\View.php(222): CodeIgniter\View\View->CodeIgniter\View\{closure}()
#1 F:\Development\tugas1pi\vendor\codeigniter4\framework\system\Common.php(1217): CodeIgniter\View\View->render('killjoy/index', Array, true)
#2 F:\Development\tugas1pi\app\Controllers\Home.php(19): view('killjoy/index', Array)
#3 F:\Development\tugas1pi\vendor\codeigniter4\framework\system\CodeIgniter.php(936): App\Controllers\Home->index()
#4 F:\Development\tugas1pi\vendor\codeigniter4\framework\system\CodeIgniter.php(432): CodeIgniter\CodeIgniter->runController(Object(App\Controllers\Home))
#5 F:\Development\tugas1pi\vendor\codeigniter4\framework\system\CodeIgniter.php(333): CodeIgniter\CodeIgniter->handleRequest(NULL, Object(Config\Cache), false)
#6 F:\Development\tugas1pi\public\index.php(44): CodeIgniter\CodeIgniter->run()
#7 F:\Development\tugas1pi\vendor\codeigniter4\framework\system\Commands\Server\rewrite.php(45): require_once('F:\\Development\\...')
#8 {main}
CRITICAL - 2021-03-30 22:07:19 --> Undefined variable: homes
#0 F:\Development\tugas1pi\app\Views\Killjoy\index.php(24): CodeIgniter\Debug\Exceptions->errorHandler(8, 'Undefined varia...', 'F:\\Development\\...', 24, Array)
#1 F:\Development\tugas1pi\vendor\codeigniter4\framework\system\View\View.php(220): include('F:\\Development\\...')
#2 F:\Development\tugas1pi\vendor\codeigniter4\framework\system\View\View.php(222): CodeIgniter\View\View->CodeIgniter\View\{closure}()
#3 F:\Development\tugas1pi\vendor\codeigniter4\framework\system\Common.php(1217): CodeIgniter\View\View->render('killjoy/index', Array, true)
#4 F:\Development\tugas1pi\app\Controllers\Home.php(19): view('killjoy/index', Array)
#5 F:\Development\tugas1pi\vendor\codeigniter4\framework\system\CodeIgniter.php(936): App\Controllers\Home->index()
#6 F:\Development\tugas1pi\vendor\codeigniter4\framework\system\CodeIgniter.php(432): CodeIgniter\CodeIgniter->runController(Object(App\Controllers\Home))
#7 F:\Development\tugas1pi\vendor\codeigniter4\framework\system\CodeIgniter.php(333): CodeIgniter\CodeIgniter->handleRequest(NULL, Object(Config\Cache), false)
#8 F:\Development\tugas1pi\public\index.php(44): CodeIgniter\CodeIgniter->run()
#9 F:\Development\tugas1pi\vendor\codeigniter4\framework\system\Commands\Server\rewrite.php(45): require_once('F:\\Development\\...')
#10 {main}
CRITICAL - 2021-03-30 22:07:19 --> Undefined variable: homes
#0 F:\Development\tugas1pi\app\Views\Killjoy\index.php(24): CodeIgniter\Debug\Exceptions->errorHandler(8, 'Undefined varia...', 'F:\\Development\\...', 24, Array)
#1 F:\Development\tugas1pi\vendor\codeigniter4\framework\system\View\View.php(220): include('F:\\Development\\...')
#2 F:\Development\tugas1pi\vendor\codeigniter4\framework\system\View\View.php(222): CodeIgniter\View\View->CodeIgniter\View\{closure}()
#3 F:\Development\tugas1pi\vendor\codeigniter4\framework\system\Common.php(1217): CodeIgniter\View\View->render('killjoy/index', Array, true)
#4 F:\Development\tugas1pi\app\Controllers\Home.php(19): view('killjoy/index', Array)
#5 F:\Development\tugas1pi\vendor\codeigniter4\framework\system\CodeIgniter.php(936): App\Controllers\Home->index()
#6 F:\Development\tugas1pi\vendor\codeigniter4\framework\system\CodeIgniter.php(432): CodeIgniter\CodeIgniter->runController(Object(App\Controllers\Home))
#7 F:\Development\tugas1pi\vendor\codeigniter4\framework\system\CodeIgniter.php(333): CodeIgniter\CodeIgniter->handleRequest(NULL, Object(Config\Cache), false)
#8 F:\Development\tugas1pi\public\index.php(44): CodeIgniter\CodeIgniter->run()
#9 F:\Development\tugas1pi\vendor\codeigniter4\framework\system\Commands\Server\rewrite.php(45): require_once('F:\\Development\\...')
#10 {main}
CRITICAL - 2021-03-30 22:07:20 --> Undefined variable: homes
#0 F:\Development\tugas1pi\app\Views\Killjoy\index.php(24): CodeIgniter\Debug\Exceptions->errorHandler(8, 'Undefined varia...', 'F:\\Development\\...', 24, Array)
#1 F:\Development\tugas1pi\vendor\codeigniter4\framework\system\View\View.php(220): include('F:\\Development\\...')
#2 F:\Development\tugas1pi\vendor\codeigniter4\framework\system\View\View.php(222): CodeIgniter\View\View->CodeIgniter\View\{closure}()
#3 F:\Development\tugas1pi\vendor\codeigniter4\framework\system\Common.php(1217): CodeIgniter\View\View->render('killjoy/index', Array, true)
#4 F:\Development\tugas1pi\app\Controllers\Home.php(19): view('killjoy/index', Array)
#5 F:\Development\tugas1pi\vendor\codeigniter4\framework\system\CodeIgniter.php(936): App\Controllers\Home->index()
#6 F:\Development\tugas1pi\vendor\codeigniter4\framework\system\CodeIgniter.php(432): CodeIgniter\CodeIgniter->runController(Object(App\Controllers\Home))
#7 F:\Development\tugas1pi\vendor\codeigniter4\framework\system\CodeIgniter.php(333): CodeIgniter\CodeIgniter->handleRequest(NULL, Object(Config\Cache), false)
#8 F:\Development\tugas1pi\public\index.php(44): CodeIgniter\CodeIgniter->run()
#9 F:\Development\tugas1pi\vendor\codeigniter4\framework\system\Commands\Server\rewrite.php(45): require_once('F:\\Development\\...')
#10 {main}
CRITICAL - 2021-03-30 22:07:20 --> Undefined variable: homes
#0 F:\Development\tugas1pi\app\Views\Killjoy\index.php(24): CodeIgniter\Debug\Exceptions->errorHandler(8, 'Undefined varia...', 'F:\\Development\\...', 24, Array)
#1 F:\Development\tugas1pi\vendor\codeigniter4\framework\system\View\View.php(220): include('F:\\Development\\...')
#2 F:\Development\tugas1pi\vendor\codeigniter4\framework\system\View\View.php(222): CodeIgniter\View\View->CodeIgniter\View\{closure}()
#3 F:\Development\tugas1pi\vendor\codeigniter4\framework\system\Common.php(1217): CodeIgniter\View\View->render('killjoy/index', Array, true)
#4 F:\Development\tugas1pi\app\Controllers\Home.php(19): view('killjoy/index', Array)
#5 F:\Development\tugas1pi\vendor\codeigniter4\framework\system\CodeIgniter.php(936): App\Controllers\Home->index()
#6 F:\Development\tugas1pi\vendor\codeigniter4\framework\system\CodeIgniter.php(432): CodeIgniter\CodeIgniter->runController(Object(App\Controllers\Home))
#7 F:\Development\tugas1pi\vendor\codeigniter4\framework\system\CodeIgniter.php(333): CodeIgniter\CodeIgniter->handleRequest(NULL, Object(Config\Cache), false)
#8 F:\Development\tugas1pi\public\index.php(44): CodeIgniter\CodeIgniter->run()
#9 F:\Development\tugas1pi\vendor\codeigniter4\framework\system\Commands\Server\rewrite.php(45): require_once('F:\\Development\\...')
#10 {main}
CRITICAL - 2021-03-30 22:09:38 --> Invalid file: killjoy.php
#0 F:\Development\tugas1pi\vendor\codeigniter4\framework\system\View\View.php(203): CodeIgniter\Exceptions\FrameworkException::forInvalidFile('killjoy.php')
#1 F:\Development\tugas1pi\vendor\codeigniter4\framework\system\Common.php(1217): CodeIgniter\View\View->render('killjoy', Array, true)
#2 F:\Development\tugas1pi\app\Controllers\Home.php(19): view('killjoy', Array)
#3 F:\Development\tugas1pi\vendor\codeigniter4\framework\system\CodeIgniter.php(936): App\Controllers\Home->index()
#4 F:\Development\tugas1pi\vendor\codeigniter4\framework\system\CodeIgniter.php(432): CodeIgniter\CodeIgniter->runController(Object(App\Controllers\Home))
#5 F:\Development\tugas1pi\vendor\codeigniter4\framework\system\CodeIgniter.php(333): CodeIgniter\CodeIgniter->handleRequest(NULL, Object(Config\Cache), false)
#6 F:\Development\tugas1pi\public\index.php(44): CodeIgniter\CodeIgniter->run()
#7 F:\Development\tugas1pi\vendor\codeigniter4\framework\system\Commands\Server\rewrite.php(45): require_once('F:\\Development\\...')
#8 {main}
CRITICAL - 2021-03-30 22:09:43 --> Undefined variable: homes
#0 F:\Development\tugas1pi\app\Views\Killjoy\index.php(24): CodeIgniter\Debug\Exceptions->errorHandler(8, 'Undefined varia...', 'F:\\Development\\...', 24, Array)
#1 F:\Development\tugas1pi\vendor\codeigniter4\framework\system\View\View.php(220): include('F:\\Development\\...')
#2 F:\Development\tugas1pi\vendor\codeigniter4\framework\system\View\View.php(222): CodeIgniter\View\View->CodeIgniter\View\{closure}()
#3 F:\Development\tugas1pi\vendor\codeigniter4\framework\system\Common.php(1217): CodeIgniter\View\View->render('killjoy/index', Array, true)
#4 F:\Development\tugas1pi\app\Controllers\Home.php(19): view('killjoy/index', Array)
#5 F:\Development\tugas1pi\vendor\codeigniter4\framework\system\CodeIgniter.php(936): App\Controllers\Home->index()
#6 F:\Development\tugas1pi\vendor\codeigniter4\framework\system\CodeIgniter.php(432): CodeIgniter\CodeIgniter->runController(Object(App\Controllers\Home))
#7 F:\Development\tugas1pi\vendor\codeigniter4\framework\system\CodeIgniter.php(333): CodeIgniter\CodeIgniter->handleRequest(NULL, Object(Config\Cache), false)
#8 F:\Development\tugas1pi\public\index.php(44): CodeIgniter\CodeIgniter->run()
#9 F:\Development\tugas1pi\vendor\codeigniter4\framework\system\Commands\Server\rewrite.php(45): require_once('F:\\Development\\...')
#10 {main}
CRITICAL - 2021-03-30 22:12:46 --> Undefined variable: home
#0 F:\Development\tugas1pi\app\Views\Killjoy\index.php(25): CodeIgniter\Debug\Exceptions->errorHandler(8, 'Undefined varia...', 'F:\\Development\\...', 25, Array)
#1 F:\Development\tugas1pi\vendor\codeigniter4\framework\system\View\View.php(220): include('F:\\Development\\...')
#2 F:\Development\tugas1pi\vendor\codeigniter4\framework\system\View\View.php(222): CodeIgniter\View\View->CodeIgniter\View\{closure}()
#3 F:\Development\tugas1pi\vendor\codeigniter4\framework\system\Common.php(1217): CodeIgniter\View\View->render('killjoy/index', Array, true)
#4 F:\Development\tugas1pi\app\Controllers\Home.php(19): view('killjoy/index', Array)
#5 F:\Development\tugas1pi\vendor\codeigniter4\framework\system\CodeIgniter.php(936): App\Controllers\Home->index()
#6 F:\Development\tugas1pi\vendor\codeigniter4\framework\system\CodeIgniter.php(432): CodeIgniter\CodeIgniter->runController(Object(App\Controllers\Home))
#7 F:\Development\tugas1pi\vendor\codeigniter4\framework\system\CodeIgniter.php(333): CodeIgniter\CodeIgniter->handleRequest(NULL, Object(Config\Cache), false)
#8 F:\Development\tugas1pi\public\index.php(44): CodeIgniter\CodeIgniter->run()
#9 F:\Development\tugas1pi\vendor\codeigniter4\framework\system\Commands\Server\rewrite.php(45): require_once('F:\\Development\\...')
#10 {main}
CRITICAL - 2021-03-30 22:12:46 --> Undefined variable: home
#0 F:\Development\tugas1pi\app\Views\Killjoy\index.php(25): CodeIgniter\Debug\Exceptions->errorHandler(8, 'Undefined varia...', 'F:\\Development\\...', 25, Array)
#1 F:\Development\tugas1pi\vendor\codeigniter4\framework\system\View\View.php(220): include('F:\\Development\\...')
#2 F:\Development\tugas1pi\vendor\codeigniter4\framework\system\View\View.php(222): CodeIgniter\View\View->CodeIgniter\View\{closure}()
#3 F:\Development\tugas1pi\vendor\codeigniter4\framework\system\Common.php(1217): CodeIgniter\View\View->render('killjoy/index', Array, true)
#4 F:\Development\tugas1pi\app\Controllers\Home.php(19): view('killjoy/index', Array)
#5 F:\Development\tugas1pi\vendor\codeigniter4\framework\system\CodeIgniter.php(936): App\Controllers\Home->index()
#6 F:\Development\tugas1pi\vendor\codeigniter4\framework\system\CodeIgniter.php(432): CodeIgniter\CodeIgniter->runController(Object(App\Controllers\Home))
#7 F:\Development\tugas1pi\vendor\codeigniter4\framework\system\CodeIgniter.php(333): CodeIgniter\CodeIgniter->handleRequest(NULL, Object(Config\Cache), false)
#8 F:\Development\tugas1pi\public\index.php(44): CodeIgniter\CodeIgniter->run()
#9 F:\Development\tugas1pi\vendor\codeigniter4\framework\system\Commands\Server\rewrite.php(45): require_once('F:\\Development\\...')
#10 {main}
CRITICAL - 2021-03-30 22:12:46 --> Undefined variable: home
#0 F:\Development\tugas1pi\app\Views\Killjoy\index.php(25): CodeIgniter\Debug\Exceptions->errorHandler(8, 'Undefined varia...', 'F:\\Development\\...', 25, Array)
#1 F:\Development\tugas1pi\vendor\codeigniter4\framework\system\View\View.php(220): include('F:\\Development\\...')
#2 F:\Development\tugas1pi\vendor\codeigniter4\framework\system\View\View.php(222): CodeIgniter\View\View->CodeIgniter\View\{closure}()
#3 F:\Development\tugas1pi\vendor\codeigniter4\framework\system\Common.php(1217): CodeIgniter\View\View->render('killjoy/index', Array, true)
#4 F:\Development\tugas1pi\app\Controllers\Home.php(19): view('killjoy/index', Array)
#5 F:\Development\tugas1pi\vendor\codeigniter4\framework\system\CodeIgniter.php(936): App\Controllers\Home->index()
#6 F:\Development\tugas1pi\vendor\codeigniter4\framework\system\CodeIgniter.php(432): CodeIgniter\CodeIgniter->runController(Object(App\Controllers\Home))
#7 F:\Development\tugas1pi\vendor\codeigniter4\framework\system\CodeIgniter.php(333): CodeIgniter\CodeIgniter->handleRequest(NULL, Object(Config\Cache), false)
#8 F:\Development\tugas1pi\public\index.php(44): CodeIgniter\CodeIgniter->run()
#9 F:\Development\tugas1pi\vendor\codeigniter4\framework\system\Commands\Server\rewrite.php(45): require_once('F:\\Development\\...')
#10 {main}
CRITICAL - 2021-03-30 22:12:46 --> Undefined variable: home
#0 F:\Development\tugas1pi\app\Views\Killjoy\index.php(25): CodeIgniter\Debug\Exceptions->errorHandler(8, 'Undefined varia...', 'F:\\Development\\...', 25, Array)
#1 F:\Development\tugas1pi\vendor\codeigniter4\framework\system\View\View.php(220): include('F:\\Development\\...')
#2 F:\Development\tugas1pi\vendor\codeigniter4\framework\system\View\View.php(222): CodeIgniter\View\View->CodeIgniter\View\{closure}()
#3 F:\Development\tugas1pi\vendor\codeigniter4\framework\system\Common.php(1217): CodeIgniter\View\View->render('killjoy/index', Array, true)
#4 F:\Development\tugas1pi\app\Controllers\Home.php(19): view('killjoy/index', Array)
#5 F:\Development\tugas1pi\vendor\codeigniter4\framework\system\CodeIgniter.php(936): App\Controllers\Home->index()
#6 F:\Development\tugas1pi\vendor\codeigniter4\framework\system\CodeIgniter.php(432): CodeIgniter\CodeIgniter->runController(Object(App\Controllers\Home))
#7 F:\Development\tugas1pi\vendor\codeigniter4\framework\system\CodeIgniter.php(333): CodeIgniter\CodeIgniter->handleRequest(NULL, Object(Config\Cache), false)
#8 F:\Development\tugas1pi\public\index.php(44): CodeIgniter\CodeIgniter->run()
#9 F:\Development\tugas1pi\vendor\codeigniter4\framework\system\Commands\Server\rewrite.php(45): require_once('F:\\Development\\...')
#10 {main}
CRITICAL - 2021-03-30 22:12:47 --> Undefined variable: home
#0 F:\Development\tugas1pi\app\Views\Killjoy\index.php(25): CodeIgniter\Debug\Exceptions->errorHandler(8, 'Undefined varia...', 'F:\\Development\\...', 25, Array)
#1 F:\Development\tugas1pi\vendor\codeigniter4\framework\system\View\View.php(220): include('F:\\Development\\...')
#2 F:\Development\tugas1pi\vendor\codeigniter4\framework\system\View\View.php(222): CodeIgniter\View\View->CodeIgniter\View\{closure}()
#3 F:\Development\tugas1pi\vendor\codeigniter4\framework\system\Common.php(1217): CodeIgniter\View\View->render('killjoy/index', Array, true)
#4 F:\Development\tugas1pi\app\Controllers\Home.php(19): view('killjoy/index', Array)
#5 F:\Development\tugas1pi\vendor\codeigniter4\framework\system\CodeIgniter.php(936): App\Controllers\Home->index()
#6 F:\Development\tugas1pi\vendor\codeigniter4\framework\system\CodeIgniter.php(432): CodeIgniter\CodeIgniter->runController(Object(App\Controllers\Home))
#7 F:\Development\tugas1pi\vendor\codeigniter4\framework\system\CodeIgniter.php(333): CodeIgniter\CodeIgniter->handleRequest(NULL, Object(Config\Cache), false)
#8 F:\Development\tugas1pi\public\index.php(44): CodeIgniter\CodeIgniter->run()
#9 F:\Development\tugas1pi\vendor\codeigniter4\framework\system\Commands\Server\rewrite.php(45): require_once('F:\\Development\\...')
#10 {main}
CRITICAL - 2021-03-30 22:12:47 --> Undefined variable: home
#0 F:\Development\tugas1pi\app\Views\Killjoy\index.php(25): CodeIgniter\Debug\Exceptions->errorHandler(8, 'Undefined varia...', 'F:\\Development\\...', 25, Array)
#1 F:\Development\tugas1pi\vendor\codeigniter4\framework\system\View\View.php(220): include('F:\\Development\\...')
#2 F:\Development\tugas1pi\vendor\codeigniter4\framework\system\View\View.php(222): CodeIgniter\View\View->CodeIgniter\View\{closure}()
#3 F:\Development\tugas1pi\vendor\codeigniter4\framework\system\Common.php(1217): CodeIgniter\View\View->render('killjoy/index', Array, true)
#4 F:\Development\tugas1pi\app\Controllers\Home.php(19): view('killjoy/index', Array)
#5 F:\Development\tugas1pi\vendor\codeigniter4\framework\system\CodeIgniter.php(936): App\Controllers\Home->index()
#6 F:\Development\tugas1pi\vendor\codeigniter4\framework\system\CodeIgniter.php(432): CodeIgniter\CodeIgniter->runController(Object(App\Controllers\Home))
#7 F:\Development\tugas1pi\vendor\codeigniter4\framework\system\CodeIgniter.php(333): CodeIgniter\CodeIgniter->handleRequest(NULL, Object(Config\Cache), false)
#8 F:\Development\tugas1pi\public\index.php(44): CodeIgniter\CodeIgniter->run()
#9 F:\Development\tugas1pi\vendor\codeigniter4\framework\system\Commands\Server\rewrite.php(45): require_once('F:\\Development\\...')
#10 {main}
CRITICAL - 2021-03-30 22:12:47 --> Undefined variable: home
#0 F:\Development\tugas1pi\app\Views\Killjoy\index.php(25): CodeIgniter\Debug\Exceptions->errorHandler(8, 'Undefined varia...', 'F:\\Development\\...', 25, Array)
#1 F:\Development\tugas1pi\vendor\codeigniter4\framework\system\View\View.php(220): include('F:\\Development\\...')
#2 F:\Development\tugas1pi\vendor\codeigniter4\framework\system\View\View.php(222): CodeIgniter\View\View->CodeIgniter\View\{closure}()
#3 F:\Development\tugas1pi\vendor\codeigniter4\framework\system\Common.php(1217): CodeIgniter\View\View->render('killjoy/index', Array, true)
#4 F:\Development\tugas1pi\app\Controllers\Home.php(19): view('killjoy/index', Array)
#5 F:\Development\tugas1pi\vendor\codeigniter4\framework\system\CodeIgniter.php(936): App\Controllers\Home->index()
#6 F:\Development\tugas1pi\vendor\codeigniter4\framework\system\CodeIgniter.php(432): CodeIgniter\CodeIgniter->runController(Object(App\Controllers\Home))
#7 F:\Development\tugas1pi\vendor\codeigniter4\framework\system\CodeIgniter.php(333): CodeIgniter\CodeIgniter->handleRequest(NULL, Object(Config\Cache), false)
#8 F:\Development\tugas1pi\public\index.php(44): CodeIgniter\CodeIgniter->run()
#9 F:\Development\tugas1pi\vendor\codeigniter4\framework\system\Commands\Server\rewrite.php(45): require_once('F:\\Development\\...')
#10 {main}
CRITICAL - 2021-03-30 22:12:47 --> Undefined variable: home
#0 F:\Development\tugas1pi\app\Views\Killjoy\index.php(25): CodeIgniter\Debug\Exceptions->errorHandler(8, 'Undefined varia...', 'F:\\Development\\...', 25, Array)
#1 F:\Development\tugas1pi\vendor\codeigniter4\framework\system\View\View.php(220): include('F:\\Development\\...')
#2 F:\Development\tugas1pi\vendor\codeigniter4\framework\system\View\View.php(222): CodeIgniter\View\View->CodeIgniter\View\{closure}()
#3 F:\Development\tugas1pi\vendor\codeigniter4\framework\system\Common.php(1217): CodeIgniter\View\View->render('killjoy/index', Array, true)
#4 F:\Development\tugas1pi\app\Controllers\Home.php(19): view('killjoy/index', Array)
#5 F:\Development\tugas1pi\vendor\codeigniter4\framework\system\CodeIgniter.php(936): App\Controllers\Home->index()
#6 F:\Development\tugas1pi\vendor\codeigniter4\framework\system\CodeIgniter.php(432): CodeIgniter\CodeIgniter->runController(Object(App\Controllers\Home))
#7 F:\Development\tugas1pi\vendor\codeigniter4\framework\system\CodeIgniter.php(333): CodeIgniter\CodeIgniter->handleRequest(NULL, Object(Config\Cache), false)
#8 F:\Development\tugas1pi\public\index.php(44): CodeIgniter\CodeIgniter->run()
#9 F:\Development\tugas1pi\vendor\codeigniter4\framework\system\Commands\Server\rewrite.php(45): require_once('F:\\Development\\...')
#10 {main}
CRITICAL - 2021-03-30 22:12:47 --> Undefined variable: home
#0 F:\Development\tugas1pi\app\Views\Killjoy\index.php(25): CodeIgniter\Debug\Exceptions->errorHandler(8, 'Undefined varia...', 'F:\\Development\\...', 25, Array)
#1 F:\Development\tugas1pi\vendor\codeigniter4\framework\system\View\View.php(220): include('F:\\Development\\...')
#2 F:\Development\tugas1pi\vendor\codeigniter4\framework\system\View\View.php(222): CodeIgniter\View\View->CodeIgniter\View\{closure}()
#3 F:\Development\tugas1pi\vendor\codeigniter4\framework\system\Common.php(1217): CodeIgniter\View\View->render('killjoy/index', Array, true)
#4 F:\Development\tugas1pi\app\Controllers\Home.php(19): view('killjoy/index', Array)
#5 F:\Development\tugas1pi\vendor\codeigniter4\framework\system\CodeIgniter.php(936): App\Controllers\Home->index()
#6 F:\Development\tugas1pi\vendor\codeigniter4\framework\system\CodeIgniter.php(432): CodeIgniter\CodeIgniter->runController(Object(App\Controllers\Home))
#7 F:\Development\tugas1pi\vendor\codeigniter4\framework\system\CodeIgniter.php(333): CodeIgniter\CodeIgniter->handleRequest(NULL, Object(Config\Cache), false)
#8 F:\Development\tugas1pi\public\index.php(44): CodeIgniter\CodeIgniter->run()
#9 F:\Development\tugas1pi\vendor\codeigniter4\framework\system\Commands\Server\rewrite.php(45): require_once('F:\\Development\\...')
#10 {main}
CRITICAL - 2021-03-30 22:12:47 --> Undefined variable: home
#0 F:\Development\tugas1pi\app\Views\Killjoy\index.php(25): CodeIgniter\Debug\Exceptions->errorHandler(8, 'Undefined varia...', 'F:\\Development\\...', 25, Array)
#1 F:\Development\tugas1pi\vendor\codeigniter4\framework\system\View\View.php(220): include('F:\\Development\\...')
#2 F:\Development\tugas1pi\vendor\codeigniter4\framework\system\View\View.php(222): CodeIgniter\View\View->CodeIgniter\View\{closure}()
#3 F:\Development\tugas1pi\vendor\codeigniter4\framework\system\Common.php(1217): CodeIgniter\View\View->render('killjoy/index', Array, true)
#4 F:\Development\tugas1pi\app\Controllers\Home.php(19): view('killjoy/index', Array)
#5 F:\Development\tugas1pi\vendor\codeigniter4\framework\system\CodeIgniter.php(936): App\Controllers\Home->index()
#6 F:\Development\tugas1pi\vendor\codeigniter4\framework\system\CodeIgniter.php(432): CodeIgniter\CodeIgniter->runController(Object(App\Controllers\Home))
#7 F:\Development\tugas1pi\vendor\codeigniter4\framework\system\CodeIgniter.php(333): CodeIgniter\CodeIgniter->handleRequest(NULL, Object(Config\Cache), false)
#8 F:\Development\tugas1pi\public\index.php(44): CodeIgniter\CodeIgniter->run()
#9 F:\Development\tugas1pi\vendor\codeigniter4\framework\system\Commands\Server\rewrite.php(45): require_once('F:\\Development\\...')
#10 {main}
CRITICAL - 2021-03-30 22:12:48 --> Undefined variable: home
#0 F:\Development\tugas1pi\app\Views\Killjoy\index.php(25): CodeIgniter\Debug\Exceptions->errorHandler(8, 'Undefined varia...', 'F:\\Development\\...', 25, Array)
#1 F:\Development\tugas1pi\vendor\codeigniter4\framework\system\View\View.php(220): include('F:\\Development\\...')
#2 F:\Development\tugas1pi\vendor\codeigniter4\framework\system\View\View.php(222): CodeIgniter\View\View->CodeIgniter\View\{closure}()
#3 F:\Development\tugas1pi\vendor\codeigniter4\framework\system\Common.php(1217): CodeIgniter\View\View->render('killjoy/index', Array, true)
#4 F:\Development\tugas1pi\app\Controllers\Home.php(19): view('killjoy/index', Array)
#5 F:\Development\tugas1pi\vendor\codeigniter4\framework\system\CodeIgniter.php(936): App\Controllers\Home->index()
#6 F:\Development\tugas1pi\vendor\codeigniter4\framework\system\CodeIgniter.php(432): CodeIgniter\CodeIgniter->runController(Object(App\Controllers\Home))
#7 F:\Development\tugas1pi\vendor\codeigniter4\framework\system\CodeIgniter.php(333): CodeIgniter\CodeIgniter->handleRequest(NULL, Object(Config\Cache), false)
#8 F:\Development\tugas1pi\public\index.php(44): CodeIgniter\CodeIgniter->run()
#9 F:\Development\tugas1pi\vendor\codeigniter4\framework\system\Commands\Server\rewrite.php(45): require_once('F:\\Development\\...')
#10 {main}
CRITICAL - 2021-03-30 22:12:48 --> Undefined variable: home
#0 F:\Development\tugas1pi\app\Views\Killjoy\index.php(25): CodeIgniter\Debug\Exceptions->errorHandler(8, 'Undefined varia...', 'F:\\Development\\...', 25, Array)
#1 F:\Development\tugas1pi\vendor\codeigniter4\framework\system\View\View.php(220): include('F:\\Development\\...')
#2 F:\Development\tugas1pi\vendor\codeigniter4\framework\system\View\View.php(222): CodeIgniter\View\View->CodeIgniter\View\{closure}()
#3 F:\Development\tugas1pi\vendor\codeigniter4\framework\system\Common.php(1217): CodeIgniter\View\View->render('killjoy/index', Array, true)
#4 F:\Development\tugas1pi\app\Controllers\Home.php(19): view('killjoy/index', Array)
#5 F:\Development\tugas1pi\vendor\codeigniter4\framework\system\CodeIgniter.php(936): App\Controllers\Home->index()
#6 F:\Development\tugas1pi\vendor\codeigniter4\framework\system\CodeIgniter.php(432): CodeIgniter\CodeIgniter->runController(Object(App\Controllers\Home))
#7 F:\Development\tugas1pi\vendor\codeigniter4\framework\system\CodeIgniter.php(333): CodeIgniter\CodeIgniter->handleRequest(NULL, Object(Config\Cache), false)
#8 F:\Development\tugas1pi\public\index.php(44): CodeIgniter\CodeIgniter->run()
#9 F:\Development\tugas1pi\vendor\codeigniter4\framework\system\Commands\Server\rewrite.php(45): require_once('F:\\Development\\...')
#10 {main}
CRITICAL - 2021-03-30 22:12:48 --> Undefined variable: home
#0 F:\Development\tugas1pi\app\Views\Killjoy\index.php(25): CodeIgniter\Debug\Exceptions->errorHandler(8, 'Undefined varia...', 'F:\\Development\\...', 25, Array)
#1 F:\Development\tugas1pi\vendor\codeigniter4\framework\system\View\View.php(220): include('F:\\Development\\...')
#2 F:\Development\tugas1pi\vendor\codeigniter4\framework\system\View\View.php(222): CodeIgniter\View\View->CodeIgniter\View\{closure}()
#3 F:\Development\tugas1pi\vendor\codeigniter4\framework\system\Common.php(1217): CodeIgniter\View\View->render('killjoy/index', Array, true)
#4 F:\Development\tugas1pi\app\Controllers\Home.php(19): view('killjoy/index', Array)
#5 F:\Development\tugas1pi\vendor\codeigniter4\framework\system\CodeIgniter.php(936): App\Controllers\Home->index()
#6 F:\Development\tugas1pi\vendor\codeigniter4\framework\system\CodeIgniter.php(432): CodeIgniter\CodeIgniter->runController(Object(App\Controllers\Home))
#7 F:\Development\tugas1pi\vendor\codeigniter4\framework\system\CodeIgniter.php(333): CodeIgniter\CodeIgniter->handleRequest(NULL, Object(Config\Cache), false)
#8 F:\Development\tugas1pi\public\index.php(44): CodeIgniter\CodeIgniter->run()
#9 F:\Development\tugas1pi\vendor\codeigniter4\framework\system\Commands\Server\rewrite.php(45): require_once('F:\\Development\\...')
#10 {main}
CRITICAL - 2021-03-30 22:12:48 --> Undefined variable: home
#0 F:\Development\tugas1pi\app\Views\Killjoy\index.php(25): CodeIgniter\Debug\Exceptions->errorHandler(8, 'Undefined varia...', 'F:\\Development\\...', 25, Array)
#1 F:\Development\tugas1pi\vendor\codeigniter4\framework\system\View\View.php(220): include('F:\\Development\\...')
#2 F:\Development\tugas1pi\vendor\codeigniter4\framework\system\View\View.php(222): CodeIgniter\View\View->CodeIgniter\View\{closure}()
#3 F:\Development\tugas1pi\vendor\codeigniter4\framework\system\Common.php(1217): CodeIgniter\View\View->render('killjoy/index', Array, true)
#4 F:\Development\tugas1pi\app\Controllers\Home.php(19): view('killjoy/index', Array)
#5 F:\Development\tugas1pi\vendor\codeigniter4\framework\system\CodeIgniter.php(936): App\Controllers\Home->index()
#6 F:\Development\tugas1pi\vendor\codeigniter4\framework\system\CodeIgniter.php(432): CodeIgniter\CodeIgniter->runController(Object(App\Controllers\Home))
#7 F:\Development\tugas1pi\vendor\codeigniter4\framework\system\CodeIgniter.php(333): CodeIgniter\CodeIgniter->handleRequest(NULL, Object(Config\Cache), false)
#8 F:\Development\tugas1pi\public\index.php(44): CodeIgniter\CodeIgniter->run()
#9 F:\Development\tugas1pi\vendor\codeigniter4\framework\system\Commands\Server\rewrite.php(45): require_once('F:\\Development\\...')
#10 {main}
CRITICAL - 2021-03-30 22:12:48 --> Undefined variable: home
#0 F:\Development\tugas1pi\app\Views\Killjoy\index.php(25): CodeIgniter\Debug\Exceptions->errorHandler(8, 'Undefined varia...', 'F:\\Development\\...', 25, Array)
#1 F:\Development\tugas1pi\vendor\codeigniter4\framework\system\View\View.php(220): include('F:\\Development\\...')
#2 F:\Development\tugas1pi\vendor\codeigniter4\framework\system\View\View.php(222): CodeIgniter\View\View->CodeIgniter\View\{closure}()
#3 F:\Development\tugas1pi\vendor\codeigniter4\framework\system\Common.php(1217): CodeIgniter\View\View->render('killjoy/index', Array, true)
#4 F:\Development\tugas1pi\app\Controllers\Home.php(19): view('killjoy/index', Array)
#5 F:\Development\tugas1pi\vendor\codeigniter4\framework\system\CodeIgniter.php(936): App\Controllers\Home->index()
#6 F:\Development\tugas1pi\vendor\codeigniter4\framework\system\CodeIgniter.php(432): CodeIgniter\CodeIgniter->runController(Object(App\Controllers\Home))
#7 F:\Development\tugas1pi\vendor\codeigniter4\framework\system\CodeIgniter.php(333): CodeIgniter\CodeIgniter->handleRequest(NULL, Object(Config\Cache), false)
#8 F:\Development\tugas1pi\public\index.php(44): CodeIgniter\CodeIgniter->run()
#9 F:\Development\tugas1pi\vendor\codeigniter4\framework\system\Commands\Server\rewrite.php(45): require_once('F:\\Development\\...')
#10 {main}
CRITICAL - 2021-03-30 22:12:49 --> Undefined variable: home
#0 F:\Development\tugas1pi\app\Views\Killjoy\index.php(25): CodeIgniter\Debug\Exceptions->errorHandler(8, 'Undefined varia...', 'F:\\Development\\...', 25, Array)
#1 F:\Development\tugas1pi\vendor\codeigniter4\framework\system\View\View.php(220): include('F:\\Development\\...')
#2 F:\Development\tugas1pi\vendor\codeigniter4\framework\system\View\View.php(222): CodeIgniter\View\View->CodeIgniter\View\{closure}()
#3 F:\Development\tugas1pi\vendor\codeigniter4\framework\system\Common.php(1217): CodeIgniter\View\View->render('killjoy/index', Array, true)
#4 F:\Development\tugas1pi\app\Controllers\Home.php(19): view('killjoy/index', Array)
#5 F:\Development\tugas1pi\vendor\codeigniter4\framework\system\CodeIgniter.php(936): App\Controllers\Home->index()
#6 F:\Development\tugas1pi\vendor\codeigniter4\framework\system\CodeIgniter.php(432): CodeIgniter\CodeIgniter->runController(Object(App\Controllers\Home))
#7 F:\Development\tugas1pi\vendor\codeigniter4\framework\system\CodeIgniter.php(333): CodeIgniter\CodeIgniter->handleRequest(NULL, Object(Config\Cache), false)
#8 F:\Development\tugas1pi\public\index.php(44): CodeIgniter\CodeIgniter->run()
#9 F:\Development\tugas1pi\vendor\codeigniter4\framework\system\Commands\Server\rewrite.php(45): require_once('F:\\Development\\...')
#10 {main}
CRITICAL - 2021-03-30 22:12:49 --> Undefined variable: home
#0 F:\Development\tugas1pi\app\Views\Killjoy\index.php(25): CodeIgniter\Debug\Exceptions->errorHandler(8, 'Undefined varia...', 'F:\\Development\\...', 25, Array)
#1 F:\Development\tugas1pi\vendor\codeigniter4\framework\system\View\View.php(220): include('F:\\Development\\...')
#2 F:\Development\tugas1pi\vendor\codeigniter4\framework\system\View\View.php(222): CodeIgniter\View\View->CodeIgniter\View\{closure}()
#3 F:\Development\tugas1pi\vendor\codeigniter4\framework\system\Common.php(1217): CodeIgniter\View\View->render('killjoy/index', Array, true)
#4 F:\Development\tugas1pi\app\Controllers\Home.php(19): view('killjoy/index', Array)
#5 F:\Development\tugas1pi\vendor\codeigniter4\framework\system\CodeIgniter.php(936): App\Controllers\Home->index()
#6 F:\Development\tugas1pi\vendor\codeigniter4\framework\system\CodeIgniter.php(432): CodeIgniter\CodeIgniter->runController(Object(App\Controllers\Home))
#7 F:\Development\tugas1pi\vendor\codeigniter4\framework\system\CodeIgniter.php(333): CodeIgniter\CodeIgniter->handleRequest(NULL, Object(Config\Cache), false)
#8 F:\Development\tugas1pi\public\index.php(44): CodeIgniter\CodeIgniter->run()
#9 F:\Development\tugas1pi\vendor\codeigniter4\framework\system\Commands\Server\rewrite.php(45): require_once('F:\\Development\\...')
#10 {main}
CRITICAL - 2021-03-30 22:12:49 --> Undefined variable: home
#0 F:\Development\tugas1pi\app\Views\Killjoy\index.php(25): CodeIgniter\Debug\Exceptions->errorHandler(8, 'Undefined varia...', 'F:\\Development\\...', 25, Array)
#1 F:\Development\tugas1pi\vendor\codeigniter4\framework\system\View\View.php(220): include('F:\\Development\\...')
#2 F:\Development\tugas1pi\vendor\codeigniter4\framework\system\View\View.php(222): CodeIgniter\View\View->CodeIgniter\View\{closure}()
#3 F:\Development\tugas1pi\vendor\codeigniter4\framework\system\Common.php(1217): CodeIgniter\View\View->render('killjoy/index', Array, true)
#4 F:\Development\tugas1pi\app\Controllers\Home.php(19): view('killjoy/index', Array)
#5 F:\Development\tugas1pi\vendor\codeigniter4\framework\system\CodeIgniter.php(936): App\Controllers\Home->index()
#6 F:\Development\tugas1pi\vendor\codeigniter4\framework\system\CodeIgniter.php(432): CodeIgniter\CodeIgniter->runController(Object(App\Controllers\Home))
#7 F:\Development\tugas1pi\vendor\codeigniter4\framework\system\CodeIgniter.php(333): CodeIgniter\CodeIgniter->handleRequest(NULL, Object(Config\Cache), false)
#8 F:\Development\tugas1pi\public\index.php(44): CodeIgniter\CodeIgniter->run()
#9 F:\Development\tugas1pi\vendor\codeigniter4\framework\system\Commands\Server\rewrite.php(45): require_once('F:\\Development\\...')
#10 {main}
CRITICAL - 2021-03-30 22:12:49 --> Undefined variable: home
#0 F:\Development\tugas1pi\app\Views\Killjoy\index.php(25): CodeIgniter\Debug\Exceptions->errorHandler(8, 'Undefined varia...', 'F:\\Development\\...', 25, Array)
#1 F:\Development\tugas1pi\vendor\codeigniter4\framework\system\View\View.php(220): include('F:\\Development\\...')
#2 F:\Development\tugas1pi\vendor\codeigniter4\framework\system\View\View.php(222): CodeIgniter\View\View->CodeIgniter\View\{closure}()
#3 F:\Development\tugas1pi\vendor\codeigniter4\framework\system\Common.php(1217): CodeIgniter\View\View->render('killjoy/index', Array, true)
#4 F:\Development\tugas1pi\app\Controllers\Home.php(19): view('killjoy/index', Array)
#5 F:\Development\tugas1pi\vendor\codeigniter4\framework\system\CodeIgniter.php(936): App\Controllers\Home->index()
#6 F:\Development\tugas1pi\vendor\codeigniter4\framework\system\CodeIgniter.php(432): CodeIgniter\CodeIgniter->runController(Object(App\Controllers\Home))
#7 F:\Development\tugas1pi\vendor\codeigniter4\framework\system\CodeIgniter.php(333): CodeIgniter\CodeIgniter->handleRequest(NULL, Object(Config\Cache), false)
#8 F:\Development\tugas1pi\public\index.php(44): CodeIgniter\CodeIgniter->run()
#9 F:\Development\tugas1pi\vendor\codeigniter4\framework\system\Commands\Server\rewrite.php(45): require_once('F:\\Development\\...')
#10 {main}
CRITICAL - 2021-03-30 22:12:49 --> Undefined variable: home
#0 F:\Development\tugas1pi\app\Views\Killjoy\index.php(25): CodeIgniter\Debug\Exceptions->errorHandler(8, 'Undefined varia...', 'F:\\Development\\...', 25, Array)
#1 F:\Development\tugas1pi\vendor\codeigniter4\framework\system\View\View.php(220): include('F:\\Development\\...')
#2 F:\Development\tugas1pi\vendor\codeigniter4\framework\system\View\View.php(222): CodeIgniter\View\View->CodeIgniter\View\{closure}()
#3 F:\Development\tugas1pi\vendor\codeigniter4\framework\system\Common.php(1217): CodeIgniter\View\View->render('killjoy/index', Array, true)
#4 F:\Development\tugas1pi\app\Controllers\Home.php(19): view('killjoy/index', Array)
#5 F:\Development\tugas1pi\vendor\codeigniter4\framework\system\CodeIgniter.php(936): App\Controllers\Home->index()
#6 F:\Development\tugas1pi\vendor\codeigniter4\framework\system\CodeIgniter.php(432): CodeIgniter\CodeIgniter->runController(Object(App\Controllers\Home))
#7 F:\Development\tugas1pi\vendor\codeigniter4\framework\system\CodeIgniter.php(333): CodeIgniter\CodeIgniter->handleRequest(NULL, Object(Config\Cache), false)
#8 F:\Development\tugas1pi\public\index.php(44): CodeIgniter\CodeIgniter->run()
#9 F:\Development\tugas1pi\vendor\codeigniter4\framework\system\Commands\Server\rewrite.php(45): require_once('F:\\Development\\...')
#10 {main}
CRITICAL - 2021-03-30 22:12:49 --> Undefined variable: home
#0 F:\Development\tugas1pi\app\Views\Killjoy\index.php(25): CodeIgniter\Debug\Exceptions->errorHandler(8, 'Undefined varia...', 'F:\\Development\\...', 25, Array)
#1 F:\Development\tugas1pi\vendor\codeigniter4\framework\system\View\View.php(220): include('F:\\Development\\...')
#2 F:\Development\tugas1pi\vendor\codeigniter4\framework\system\View\View.php(222): CodeIgniter\View\View->CodeIgniter\View\{closure}()
#3 F:\Development\tugas1pi\vendor\codeigniter4\framework\system\Common.php(1217): CodeIgniter\View\View->render('killjoy/index', Array, true)
#4 F:\Development\tugas1pi\app\Controllers\Home.php(19): view('killjoy/index', Array)
#5 F:\Development\tugas1pi\vendor\codeigniter4\framework\system\CodeIgniter.php(936): App\Controllers\Home->index()
#6 F:\Development\tugas1pi\vendor\codeigniter4\framework\system\CodeIgniter.php(432): CodeIgniter\CodeIgniter->runController(Object(App\Controllers\Home))
#7 F:\Development\tugas1pi\vendor\codeigniter4\framework\system\CodeIgniter.php(333): CodeIgniter\CodeIgniter->handleRequest(NULL, Object(Config\Cache), false)
#8 F:\Development\tugas1pi\public\index.php(44): CodeIgniter\CodeIgniter->run()
#9 F:\Development\tugas1pi\vendor\codeigniter4\framework\system\Commands\Server\rewrite.php(45): require_once('F:\\Development\\...')
#10 {main}
CRITICAL - 2021-03-30 22:14:25 --> Undefined variable: home
#0 F:\Development\tugas1pi\app\Views\Killjoy\index.php(25): CodeIgniter\Debug\Exceptions->errorHandler(8, 'Undefined varia...', 'F:\\Development\\...', 25, Array)
#1 F:\Development\tugas1pi\vendor\codeigniter4\framework\system\View\View.php(220): include('F:\\Development\\...')
#2 F:\Development\tugas1pi\vendor\codeigniter4\framework\system\View\View.php(222): CodeIgniter\View\View->CodeIgniter\View\{closure}()
#3 F:\Development\tugas1pi\vendor\codeigniter4\framework\system\Common.php(1217): CodeIgniter\View\View->render('killjoy/index', Array, true)
#4 F:\Development\tugas1pi\app\Controllers\Home.php(19): view('killjoy/index', Array)
#5 F:\Development\tugas1pi\vendor\codeigniter4\framework\system\CodeIgniter.php(936): App\Controllers\Home->index()
#6 F:\Development\tugas1pi\vendor\codeigniter4\framework\system\CodeIgniter.php(432): CodeIgniter\CodeIgniter->runController(Object(App\Controllers\Home))
#7 F:\Development\tugas1pi\vendor\codeigniter4\framework\system\CodeIgniter.php(333): CodeIgniter\CodeIgniter->handleRequest(NULL, Object(Config\Cache), false)
#8 F:\Development\tugas1pi\public\index.php(44): CodeIgniter\CodeIgniter->run()
#9 F:\Development\tugas1pi\vendor\codeigniter4\framework\system\Commands\Server\rewrite.php(45): require_once('F:\\Development\\...')
#10 {main}
CRITICAL - 2021-03-30 22:14:26 --> Undefined variable: home
#0 F:\Development\tugas1pi\app\Views\Killjoy\index.php(25): CodeIgniter\Debug\Exceptions->errorHandler(8, 'Undefined varia...', 'F:\\Development\\...', 25, Array)
#1 F:\Development\tugas1pi\vendor\codeigniter4\framework\system\View\View.php(220): include('F:\\Development\\...')
#2 F:\Development\tugas1pi\vendor\codeigniter4\framework\system\View\View.php(222): CodeIgniter\View\View->CodeIgniter\View\{closure}()
#3 F:\Development\tugas1pi\vendor\codeigniter4\framework\system\Common.php(1217): CodeIgniter\View\View->render('killjoy/index', Array, true)
#4 F:\Development\tugas1pi\app\Controllers\Home.php(19): view('killjoy/index', Array)
#5 F:\Development\tugas1pi\vendor\codeigniter4\framework\system\CodeIgniter.php(936): App\Controllers\Home->index()
#6 F:\Development\tugas1pi\vendor\codeigniter4\framework\system\CodeIgniter.php(432): CodeIgniter\CodeIgniter->runController(Object(App\Controllers\Home))
#7 F:\Development\tugas1pi\vendor\codeigniter4\framework\system\CodeIgniter.php(333): CodeIgniter\CodeIgniter->handleRequest(NULL, Object(Config\Cache), false)
#8 F:\Development\tugas1pi\public\index.php(44): CodeIgniter\CodeIgniter->run()
#9 F:\Development\tugas1pi\vendor\codeigniter4\framework\system\Commands\Server\rewrite.php(45): require_once('F:\\Development\\...')
#10 {main}
CRITICAL - 2021-03-30 22:14:26 --> Undefined variable: home
#0 F:\Development\tugas1pi\app\Views\Killjoy\index.php(25): CodeIgniter\Debug\Exceptions->errorHandler(8, 'Undefined varia...', 'F:\\Development\\...', 25, Array)
#1 F:\Development\tugas1pi\vendor\codeigniter4\framework\system\View\View.php(220): include('F:\\Development\\...')
#2 F:\Development\tugas1pi\vendor\codeigniter4\framework\system\View\View.php(222): CodeIgniter\View\View->CodeIgniter\View\{closure}()
#3 F:\Development\tugas1pi\vendor\codeigniter4\framework\system\Common.php(1217): CodeIgniter\View\View->render('killjoy/index', Array, true)
#4 F:\Development\tugas1pi\app\Controllers\Home.php(19): view('killjoy/index', Array)
#5 F:\Development\tugas1pi\vendor\codeigniter4\framework\system\CodeIgniter.php(936): App\Controllers\Home->index()
#6 F:\Development\tugas1pi\vendor\codeigniter4\framework\system\CodeIgniter.php(432): CodeIgniter\CodeIgniter->runController(Object(App\Controllers\Home))
#7 F:\Development\tugas1pi\vendor\codeigniter4\framework\system\CodeIgniter.php(333): CodeIgniter\CodeIgniter->handleRequest(NULL, Object(Config\Cache), false)
#8 F:\Development\tugas1pi\public\index.php(44): CodeIgniter\CodeIgniter->run()
#9 F:\Development\tugas1pi\vendor\codeigniter4\framework\system\Commands\Server\rewrite.php(45): require_once('F:\\Development\\...')
#10 {main}
CRITICAL - 2021-03-30 22:14:27 --> Undefined variable: home
#0 F:\Development\tugas1pi\app\Views\Killjoy\index.php(25): CodeIgniter\Debug\Exceptions->errorHandler(8, 'Undefined varia...', 'F:\\Development\\...', 25, Array)
#1 F:\Development\tugas1pi\vendor\codeigniter4\framework\system\View\View.php(220): include('F:\\Development\\...')
#2 F:\Development\tugas1pi\vendor\codeigniter4\framework\system\View\View.php(222): CodeIgniter\View\View->CodeIgniter\View\{closure}()
#3 F:\Development\tugas1pi\vendor\codeigniter4\framework\system\Common.php(1217): CodeIgniter\View\View->render('killjoy/index', Array, true)
#4 F:\Development\tugas1pi\app\Controllers\Home.php(19): view('killjoy/index', Array)
#5 F:\Development\tugas1pi\vendor\codeigniter4\framework\system\CodeIgniter.php(936): App\Controllers\Home->index()
#6 F:\Development\tugas1pi\vendor\codeigniter4\framework\system\CodeIgniter.php(432): CodeIgniter\CodeIgniter->runController(Object(App\Controllers\Home))
#7 F:\Development\tugas1pi\vendor\codeigniter4\framework\system\CodeIgniter.php(333): CodeIgniter\CodeIgniter->handleRequest(NULL, Object(Config\Cache), false)
#8 F:\Development\tugas1pi\public\index.php(44): CodeIgniter\CodeIgniter->run()
#9 F:\Development\tugas1pi\vendor\codeigniter4\framework\system\Commands\Server\rewrite.php(45): require_once('F:\\Development\\...')
#10 {main}
CRITICAL - 2021-03-30 22:14:27 --> Undefined variable: home
#0 F:\Development\tugas1pi\app\Views\Killjoy\index.php(25): CodeIgniter\Debug\Exceptions->errorHandler(8, 'Undefined varia...', 'F:\\Development\\...', 25, Array)
#1 F:\Development\tugas1pi\vendor\codeigniter4\framework\system\View\View.php(220): include('F:\\Development\\...')
#2 F:\Development\tugas1pi\vendor\codeigniter4\framework\system\View\View.php(222): CodeIgniter\View\View->CodeIgniter\View\{closure}()
#3 F:\Development\tugas1pi\vendor\codeigniter4\framework\system\Common.php(1217): CodeIgniter\View\View->render('killjoy/index', Array, true)
#4 F:\Development\tugas1pi\app\Controllers\Home.php(19): view('killjoy/index', Array)
#5 F:\Development\tugas1pi\vendor\codeigniter4\framework\system\CodeIgniter.php(936): App\Controllers\Home->index()
#6 F:\Development\tugas1pi\vendor\codeigniter4\framework\system\CodeIgniter.php(432): CodeIgniter\CodeIgniter->runController(Object(App\Controllers\Home))
#7 F:\Development\tugas1pi\vendor\codeigniter4\framework\system\CodeIgniter.php(333): CodeIgniter\CodeIgniter->handleRequest(NULL, Object(Config\Cache), false)
#8 F:\Development\tugas1pi\public\index.php(44): CodeIgniter\CodeIgniter->run()
#9 F:\Development\tugas1pi\vendor\codeigniter4\framework\system\Commands\Server\rewrite.php(45): require_once('F:\\Development\\...')
#10 {main}
CRITICAL - 2021-03-30 22:14:28 --> Undefined variable: home
#0 F:\Development\tugas1pi\app\Views\Killjoy\index.php(25): CodeIgniter\Debug\Exceptions->errorHandler(8, 'Undefined varia...', 'F:\\Development\\...', 25, Array)
#1 F:\Development\tugas1pi\vendor\codeigniter4\framework\system\View\View.php(220): include('F:\\Development\\...')
#2 F:\Development\tugas1pi\vendor\codeigniter4\framework\system\View\View.php(222): CodeIgniter\View\View->CodeIgniter\View\{closure}()
#3 F:\Development\tugas1pi\vendor\codeigniter4\framework\system\Common.php(1217): CodeIgniter\View\View->render('killjoy/index', Array, true)
#4 F:\Development\tugas1pi\app\Controllers\Home.php(19): view('killjoy/index', Array)
#5 F:\Development\tugas1pi\vendor\codeigniter4\framework\system\CodeIgniter.php(936): App\Controllers\Home->index()
#6 F:\Development\tugas1pi\vendor\codeigniter4\framework\system\CodeIgniter.php(432): CodeIgniter\CodeIgniter->runController(Object(App\Controllers\Home))
#7 F:\Development\tugas1pi\vendor\codeigniter4\framework\system\CodeIgniter.php(333): CodeIgniter\CodeIgniter->handleRequest(NULL, Object(Config\Cache), false)
#8 F:\Development\tugas1pi\public\index.php(44): CodeIgniter\CodeIgniter->run()
#9 F:\Development\tugas1pi\vendor\codeigniter4\framework\system\Commands\Server\rewrite.php(45): require_once('F:\\Development\\...')
#10 {main}
CRITICAL - 2021-03-30 22:16:20 --> Undefined variable: data
#0 F:\Development\tugas1pi\app\Views\Killjoy\index.php(26): CodeIgniter\Debug\Exceptions->errorHandler(8, 'Undefined varia...', 'F:\\Development\\...', 26, Array)
#1 F:\Development\tugas1pi\vendor\codeigniter4\framework\system\View\View.php(220): include('F:\\Development\\...')
#2 F:\Development\tugas1pi\vendor\codeigniter4\framework\system\View\View.php(222): CodeIgniter\View\View->CodeIgniter\View\{closure}()
#3 F:\Development\tugas1pi\vendor\codeigniter4\framework\system\Common.php(1217): CodeIgniter\View\View->render('killjoy/index', Array, true)
#4 F:\Development\tugas1pi\app\Controllers\Home.php(20): view('killjoy/index', Array)
#5 F:\Development\tugas1pi\vendor\codeigniter4\framework\system\CodeIgniter.php(936): App\Controllers\Home->index()
#6 F:\Development\tugas1pi\vendor\codeigniter4\framework\system\CodeIgniter.php(432): CodeIgniter\CodeIgniter->runController(Object(App\Controllers\Home))
#7 F:\Development\tugas1pi\vendor\codeigniter4\framework\system\CodeIgniter.php(333): CodeIgniter\CodeIgniter->handleRequest(NULL, Object(Config\Cache), false)
#8 F:\Development\tugas1pi\public\index.php(44): CodeIgniter\CodeIgniter->run()
#9 F:\Development\tugas1pi\vendor\codeigniter4\framework\system\Commands\Server\rewrite.php(45): require_once('F:\\Development\\...')
#10 {main}
CRITICAL - 2021-03-30 22:17:29 --> Use of undefined constant homes - assumed 'homes' (this will throw an Error in a future version of PHP)
#0 F:\Development\tugas1pi\app\Views\Killjoy\index.php(26): CodeIgniter\Debug\Exceptions->errorHandler(2, 'Use of undefine...', 'F:\\Development\\...', 26, Array)
#1 F:\Development\tugas1pi\vendor\codeigniter4\framework\system\View\View.php(220): include('F:\\Development\\...')
#2 F:\Development\tugas1pi\vendor\codeigniter4\framework\system\View\View.php(222): CodeIgniter\View\View->CodeIgniter\View\{closure}()
#3 F:\Development\tugas1pi\vendor\codeigniter4\framework\system\Common.php(1217): CodeIgniter\View\View->render('killjoy/index', Array, true)
#4 F:\Development\tugas1pi\app\Controllers\Home.php(20): view('killjoy/index', Array)
#5 F:\Development\tugas1pi\vendor\codeigniter4\framework\system\CodeIgniter.php(936): App\Controllers\Home->index()
#6 F:\Development\tugas1pi\vendor\codeigniter4\framework\system\CodeIgniter.php(432): CodeIgniter\CodeIgniter->runController(Object(App\Controllers\Home))
#7 F:\Development\tugas1pi\vendor\codeigniter4\framework\system\CodeIgniter.php(333): CodeIgniter\CodeIgniter->handleRequest(NULL, Object(Config\Cache), false)
#8 F:\Development\tugas1pi\public\index.php(44): CodeIgniter\CodeIgniter->run()
#9 F:\Development\tugas1pi\vendor\codeigniter4\framework\system\Commands\Server\rewrite.php(45): require_once('F:\\Development\\...')
#10 {main}
CRITICAL - 2021-03-30 22:17:38 --> Undefined variable: data
#0 F:\Development\tugas1pi\app\Views\Killjoy\index.php(26): CodeIgniter\Debug\Exceptions->errorHandler(8, 'Undefined varia...', 'F:\\Development\\...', 26, Array)
#1 F:\Development\tugas1pi\vendor\codeigniter4\framework\system\View\View.php(220): include('F:\\Development\\...')
#2 F:\Development\tugas1pi\vendor\codeigniter4\framework\system\View\View.php(222): CodeIgniter\View\View->CodeIgniter\View\{closure}()
#3 F:\Development\tugas1pi\vendor\codeigniter4\framework\system\Common.php(1217): CodeIgniter\View\View->render('killjoy/index', Array, true)
#4 F:\Development\tugas1pi\app\Controllers\Home.php(20): view('killjoy/index', Array)
#5 F:\Development\tugas1pi\vendor\codeigniter4\framework\system\CodeIgniter.php(936): App\Controllers\Home->index()
#6 F:\Development\tugas1pi\vendor\codeigniter4\framework\system\CodeIgniter.php(432): CodeIgniter\CodeIgniter->runController(Object(App\Controllers\Home))
#7 F:\Development\tugas1pi\vendor\codeigniter4\framework\system\CodeIgniter.php(333): CodeIgniter\CodeIgniter->handleRequest(NULL, Object(Config\Cache), false)
#8 F:\Development\tugas1pi\public\index.php(44): CodeIgniter\CodeIgniter->run()
#9 F:\Development\tugas1pi\vendor\codeigniter4\framework\system\Commands\Server\rewrite.php(45): require_once('F:\\Development\\...')
#10 {main}
CRITICAL - 2021-03-30 22:17:39 --> Undefined variable: data
#0 F:\Development\tugas1pi\app\Views\Killjoy\index.php(26): CodeIgniter\Debug\Exceptions->errorHandler(8, 'Undefined varia...', 'F:\\Development\\...', 26, Array)
#1 F:\Development\tugas1pi\vendor\codeigniter4\framework\system\View\View.php(220): include('F:\\Development\\...')
#2 F:\Development\tugas1pi\vendor\codeigniter4\framework\system\View\View.php(222): CodeIgniter\View\View->CodeIgniter\View\{closure}()
#3 F:\Development\tugas1pi\vendor\codeigniter4\framework\system\Common.php(1217): CodeIgniter\View\View->render('killjoy/index', Array, true)
#4 F:\Development\tugas1pi\app\Controllers\Home.php(20): view('killjoy/index', Array)
#5 F:\Development\tugas1pi\vendor\codeigniter4\framework\system\CodeIgniter.php(936): App\Controllers\Home->index()
#6 F:\Development\tugas1pi\vendor\codeigniter4\framework\system\CodeIgniter.php(432): CodeIgniter\CodeIgniter->runController(Object(App\Controllers\Home))
#7 F:\Development\tugas1pi\vendor\codeigniter4\framework\system\CodeIgniter.php(333): CodeIgniter\CodeIgniter->handleRequest(NULL, Object(Config\Cache), false)
#8 F:\Development\tugas1pi\public\index.php(44): CodeIgniter\CodeIgniter->run()
#9 F:\Development\tugas1pi\vendor\codeigniter4\framework\system\Commands\Server\rewrite.php(45): require_once('F:\\Development\\...')
#10 {main}
CRITICAL - 2021-03-30 22:17:39 --> Undefined variable: data
#0 F:\Development\tugas1pi\app\Views\Killjoy\index.php(26): CodeIgniter\Debug\Exceptions->errorHandler(8, 'Undefined varia...', 'F:\\Development\\...', 26, Array)
#1 F:\Development\tugas1pi\vendor\codeigniter4\framework\system\View\View.php(220): include('F:\\Development\\...')
#2 F:\Development\tugas1pi\vendor\codeigniter4\framework\system\View\View.php(222): CodeIgniter\View\View->CodeIgniter\View\{closure}()
#3 F:\Development\tugas1pi\vendor\codeigniter4\framework\system\Common.php(1217): CodeIgniter\View\View->render('killjoy/index', Array, true)
#4 F:\Development\tugas1pi\app\Controllers\Home.php(20): view('killjoy/index', Array)
#5 F:\Development\tugas1pi\vendor\codeigniter4\framework\system\CodeIgniter.php(936): App\Controllers\Home->index()
#6 F:\Development\tugas1pi\vendor\codeigniter4\framework\system\CodeIgniter.php(432): CodeIgniter\CodeIgniter->runController(Object(App\Controllers\Home))
#7 F:\Development\tugas1pi\vendor\codeigniter4\framework\system\CodeIgniter.php(333): CodeIgniter\CodeIgniter->handleRequest(NULL, Object(Config\Cache), false)
#8 F:\Development\tugas1pi\public\index.php(44): CodeIgniter\CodeIgniter->run()
#9 F:\Development\tugas1pi\vendor\codeigniter4\framework\system\Commands\Server\rewrite.php(45): require_once('F:\\Development\\...')
#10 {main}
CRITICAL - 2021-03-30 22:17:39 --> Undefined variable: data
#0 F:\Development\tugas1pi\app\Views\Killjoy\index.php(26): CodeIgniter\Debug\Exceptions->errorHandler(8, 'Undefined varia...', 'F:\\Development\\...', 26, Array)
#1 F:\Development\tugas1pi\vendor\codeigniter4\framework\system\View\View.php(220): include('F:\\Development\\...')
#2 F:\Development\tugas1pi\vendor\codeigniter4\framework\system\View\View.php(222): CodeIgniter\View\View->CodeIgniter\View\{closure}()
#3 F:\Development\tugas1pi\vendor\codeigniter4\framework\system\Common.php(1217): CodeIgniter\View\View->render('killjoy/index', Array, true)
#4 F:\Development\tugas1pi\app\Controllers\Home.php(20): view('killjoy/index', Array)
#5 F:\Development\tugas1pi\vendor\codeigniter4\framework\system\CodeIgniter.php(936): App\Controllers\Home->index()
#6 F:\Development\tugas1pi\vendor\codeigniter4\framework\system\CodeIgniter.php(432): CodeIgniter\CodeIgniter->runController(Object(App\Controllers\Home))
#7 F:\Development\tugas1pi\vendor\codeigniter4\framework\system\CodeIgniter.php(333): CodeIgniter\CodeIgniter->handleRequest(NULL, Object(Config\Cache), false)
#8 F:\Development\tugas1pi\public\index.php(44): CodeIgniter\CodeIgniter->run()
#9 F:\Development\tugas1pi\vendor\codeigniter4\framework\system\Commands\Server\rewrite.php(45): require_once('F:\\Development\\...')
#10 {main}
CRITICAL - 2021-03-30 22:23:30 --> syntax error, unexpected ';', expecting ']'
#0 F:\Development\tugas1pi\vendor\codeigniter4\framework\system\Autoloader\Autoloader.php(265): CodeIgniter\Autoloader\Autoloader->includeFile('F:\\Development\\...')
#1 F:\Development\tugas1pi\vendor\codeigniter4\framework\system\Autoloader\Autoloader.php(228): CodeIgniter\Autoloader\Autoloader->loadInNamespace('App\\Controllers...')
#2 [internal function]: CodeIgniter\Autoloader\Autoloader->loadClass('App\\Controllers...')
#3 [internal function]: spl_autoload_call('App\\Controllers...')
#4 F:\Development\tugas1pi\vendor\codeigniter4\framework\system\CodeIgniter.php(893): class_exists('\\App\\Controller...', true)
#5 F:\Development\tugas1pi\vendor\codeigniter4\framework\system\CodeIgniter.php(417): CodeIgniter\CodeIgniter->startController()
#6 F:\Development\tugas1pi\vendor\codeigniter4\framework\system\CodeIgniter.php(333): CodeIgniter\CodeIgniter->handleRequest(NULL, Object(Config\Cache), false)
#7 F:\Development\tugas1pi\public\index.php(44): CodeIgniter\CodeIgniter->run()
#8 F:\Development\tugas1pi\vendor\codeigniter4\framework\system\Commands\Server\rewrite.php(45): require_once('F:\\Development\\...')
#9 {main}
CRITICAL - 2021-03-30 22:23:41 --> Undefined variable: user
#0 F:\Development\tugas1pi\app\Views\Killjoy\index.php(25): CodeIgniter\Debug\Exceptions->errorHandler(8, 'Undefined varia...', 'F:\\Development\\...', 25, Array)
#1 F:\Development\tugas1pi\vendor\codeigniter4\framework\system\View\View.php(220): include('F:\\Development\\...')
#2 F:\Development\tugas1pi\vendor\codeigniter4\framework\system\View\View.php(222): CodeIgniter\View\View->CodeIgniter\View\{closure}()
#3 F:\Development\tugas1pi\vendor\codeigniter4\framework\system\Common.php(1217): CodeIgniter\View\View->render('killjoy/index', Array, true)
#4 F:\Development\tugas1pi\app\Controllers\Home.php(22): view('killjoy/index', Array)
#5 F:\Development\tugas1pi\vendor\codeigniter4\framework\system\CodeIgniter.php(936): App\Controllers\Home->index()
#6 F:\Development\tugas1pi\vendor\codeigniter4\framework\system\CodeIgniter.php(432): CodeIgniter\CodeIgniter->runController(Object(App\Controllers\Home))
#7 F:\Development\tugas1pi\vendor\codeigniter4\framework\system\CodeIgniter.php(333): CodeIgniter\CodeIgniter->handleRequest(NULL, Object(Config\Cache), false)
#8 F:\Development\tugas1pi\public\index.php(44): CodeIgniter\CodeIgniter->run()
#9 F:\Development\tugas1pi\vendor\codeigniter4\framework\system\Commands\Server\rewrite.php(45): require_once('F:\\Development\\...')
#10 {main}
CRITICAL - 2021-03-30 22:26:49 --> syntax error, unexpected '='
#0 F:\Development\tugas1pi\vendor\codeigniter4\framework\system\View\View.php(222): CodeIgniter\View\View->CodeIgniter\View\{closure}()
#1 F:\Development\tugas1pi\vendor\codeigniter4\framework\system\Common.php(1217): CodeIgniter\View\View->render('killjoy/index', Array, true)
#2 F:\Development\tugas1pi\app\Controllers\Home.php(22): view('killjoy/index', Array)
#3 F:\Development\tugas1pi\vendor\codeigniter4\framework\system\CodeIgniter.php(936): App\Controllers\Home->index()
#4 F:\Development\tugas1pi\vendor\codeigniter4\framework\system\CodeIgniter.php(432): CodeIgniter\CodeIgniter->runController(Object(App\Controllers\Home))
#5 F:\Development\tugas1pi\vendor\codeigniter4\framework\system\CodeIgniter.php(333): CodeIgniter\CodeIgniter->handleRequest(NULL, Object(Config\Cache), false)
#6 F:\Development\tugas1pi\public\index.php(44): CodeIgniter\CodeIgniter->run()
#7 F:\Development\tugas1pi\vendor\codeigniter4\framework\system\Commands\Server\rewrite.php(45): require_once('F:\\Development\\...')
#8 {main}
CRITICAL - 2021-03-30 22:29:02 --> syntax error, unexpected '++' (T_INC)
#0 F:\Development\tugas1pi\vendor\codeigniter4\framework\system\View\View.php(222): CodeIgniter\View\View->CodeIgniter\View\{closure}()
#1 F:\Development\tugas1pi\vendor\codeigniter4\framework\system\Common.php(1217): CodeIgniter\View\View->render('killjoy/index', Array, true)
#2 F:\Development\tugas1pi\app\Controllers\Home.php(22): view('killjoy/index', Array)
#3 F:\Development\tugas1pi\vendor\codeigniter4\framework\system\CodeIgniter.php(936): App\Controllers\Home->index()
#4 F:\Development\tugas1pi\vendor\codeigniter4\framework\system\CodeIgniter.php(432): CodeIgniter\CodeIgniter->runController(Object(App\Controllers\Home))
#5 F:\Development\tugas1pi\vendor\codeigniter4\framework\system\CodeIgniter.php(333): CodeIgniter\CodeIgniter->handleRequest(NULL, Object(Config\Cache), false)
#6 F:\Development\tugas1pi\public\index.php(44): CodeIgniter\CodeIgniter->run()
#7 F:\Development\tugas1pi\vendor\codeigniter4\framework\system\Commands\Server\rewrite.php(45): require_once('F:\\Development\\...')
#8 {main}
CRITICAL - 2021-03-30 23:04:58 --> Call to undefined method App\Models\HomeModel::getHome
#0 F:\Development\tugas1pi\app\Controllers\Home.php(50): CodeIgniter\Model->__call('getHome', Array)
#1 F:\Development\tugas1pi\vendor\codeigniter4\framework\system\CodeIgniter.php(936): App\Controllers\Home->edit('6')
#2 F:\Development\tugas1pi\vendor\codeigniter4\framework\system\CodeIgniter.php(432): CodeIgniter\CodeIgniter->runController(Object(App\Controllers\Home))
#3 F:\Development\tugas1pi\vendor\codeigniter4\framework\system\CodeIgniter.php(333): CodeIgniter\CodeIgniter->handleRequest(NULL, Object(Config\Cache), false)
#4 F:\Development\tugas1pi\public\index.php(44): CodeIgniter\CodeIgniter->run()
#5 F:\Development\tugas1pi\vendor\codeigniter4\framework\system\Commands\Server\rewrite.php(45): require_once('F:\\Development\\...')
#6 {main}
CRITICAL - 2021-03-30 23:11:41 --> Call to undefined method App\Models\HomeModel::getPendaftaran
#0 F:\Development\tugas1pi\app\Controllers\Home.php(50): CodeIgniter\Model->__call('getPendaftaran', Array)
#1 F:\Development\tugas1pi\vendor\codeigniter4\framework\system\CodeIgniter.php(936): App\Controllers\Home->edit('6')
#2 F:\Development\tugas1pi\vendor\codeigniter4\framework\system\CodeIgniter.php(432): CodeIgniter\CodeIgniter->runController(Object(App\Controllers\Home))
#3 F:\Development\tugas1pi\vendor\codeigniter4\framework\system\CodeIgniter.php(333): CodeIgniter\CodeIgniter->handleRequest(NULL, Object(Config\Cache), false)
#4 F:\Development\tugas1pi\public\index.php(44): CodeIgniter\CodeIgniter->run()
#5 F:\Development\tugas1pi\vendor\codeigniter4\framework\system\Commands\Server\rewrite.php(45): require_once('F:\\Development\\...')
#6 {main}
CRITICAL - 2021-03-30 23:12:22 --> Call to undefined method App\Models\HomeModel::getVar
#0 F:\Development\tugas1pi\app\Controllers\Home.php(50): CodeIgniter\Model->__call('getVar', Array)
#1 F:\Development\tugas1pi\vendor\codeigniter4\framework\system\CodeIgniter.php(936): App\Controllers\Home->edit('6')
#2 F:\Development\tugas1pi\vendor\codeigniter4\framework\system\CodeIgniter.php(432): CodeIgniter\CodeIgniter->runController(Object(App\Controllers\Home))
#3 F:\Development\tugas1pi\vendor\codeigniter4\framework\system\CodeIgniter.php(333): CodeIgniter\CodeIgniter->handleRequest(NULL, Object(Config\Cache), false)
#4 F:\Development\tugas1pi\public\index.php(44): CodeIgniter\CodeIgniter->run()
#5 F:\Development\tugas1pi\vendor\codeigniter4\framework\system\Commands\Server\rewrite.php(45): require_once('F:\\Development\\...')
#6 {main}
CRITICAL - 2021-03-30 23:15:13 --> Undefined variable: data
#0 F:\Development\tugas1pi\app\Views\Killjoy\edit.php(94): CodeIgniter\Debug\Exceptions->errorHandler(8, 'Undefined varia...', 'F:\\Development\\...', 94, Array)
#1 F:\Development\tugas1pi\vendor\codeigniter4\framework\system\View\View.php(220): include('F:\\Development\\...')
#2 F:\Development\tugas1pi\vendor\codeigniter4\framework\system\View\View.php(222): CodeIgniter\View\View->CodeIgniter\View\{closure}()
#3 F:\Development\tugas1pi\vendor\codeigniter4\framework\system\Common.php(1217): CodeIgniter\View\View->render('killjoy/edit', Array, true)
#4 F:\Development\tugas1pi\app\Controllers\Home.php(50): view('killjoy/edit')
#5 F:\Development\tugas1pi\vendor\codeigniter4\framework\system\CodeIgniter.php(936): App\Controllers\Home->edit('6')
#6 F:\Development\tugas1pi\vendor\codeigniter4\framework\system\CodeIgniter.php(432): CodeIgniter\CodeIgniter->runController(Object(App\Controllers\Home))
#7 F:\Development\tugas1pi\vendor\codeigniter4\framework\system\CodeIgniter.php(333): CodeIgniter\CodeIgniter->handleRequest(NULL, Object(Config\Cache), false)
#8 F:\Development\tugas1pi\public\index.php(44): CodeIgniter\CodeIgniter->run()
#9 F:\Development\tugas1pi\vendor\codeigniter4\framework\system\Commands\Server\rewrite.php(45): require_once('F:\\Development\\...')
#10 {main}
CRITICAL - 2021-03-30 23:15:16 --> Undefined variable: data
#0 F:\Development\tugas1pi\app\Views\Killjoy\edit.php(94): CodeIgniter\Debug\Exceptions->errorHandler(8, 'Undefined varia...', 'F:\\Development\\...', 94, Array)
#1 F:\Development\tugas1pi\vendor\codeigniter4\framework\system\View\View.php(220): include('F:\\Development\\...')
#2 F:\Development\tugas1pi\vendor\codeigniter4\framework\system\View\View.php(222): CodeIgniter\View\View->CodeIgniter\View\{closure}()
#3 F:\Development\tugas1pi\vendor\codeigniter4\framework\system\Common.php(1217): CodeIgniter\View\View->render('killjoy/edit', Array, true)
#4 F:\Development\tugas1pi\app\Controllers\Home.php(50): view('killjoy/edit')
#5 F:\Development\tugas1pi\vendor\codeigniter4\framework\system\CodeIgniter.php(936): App\Controllers\Home->edit('6')
#6 F:\Development\tugas1pi\vendor\codeigniter4\framework\system\CodeIgniter.php(432): CodeIgniter\CodeIgniter->runController(Object(App\Controllers\Home))
#7 F:\Development\tugas1pi\vendor\codeigniter4\framework\system\CodeIgniter.php(333): CodeIgniter\CodeIgniter->handleRequest(NULL, Object(Config\Cache), false)
#8 F:\Development\tugas1pi\public\index.php(44): CodeIgniter\CodeIgniter->run()
#9 F:\Development\tugas1pi\vendor\codeigniter4\framework\system\Commands\Server\rewrite.php(45): require_once('F:\\Development\\...')
#10 {main}
